This file contains any messages produced by compilers while
running configure, to aid debugging if configure makes a mistake.

It was created by backup-tool configure 0.1, which was
generated by GNU Autoconf 2.68.  Invocation command line was

  $ ./configure 

## --------- ##
## Platform. ##
## --------- ##

hostname = laptop.unitserver.com
uname -m = x86_64
uname -r = 2.6.43.8-1.fc15.x86_64
uname -s = Linux
uname -v = #1 SMP Mon Jun 4 20:33:44 UTC 2012

/usr/bin/uname -p = unknown
/bin/uname -X     = unknown

/bin/arch              = x86_64
/usr/bin/arch -k       = unknown
/usr/convex/getsysinfo = unknown
/usr/bin/hostinfo      = unknown
/bin/machine           = unknown
/usr/bin/oslevel       = unknown
/bin/universe          = unknown

PATH: /home/joe/android-sdk-linux/tools
PATH: /home/joe/android-sdk-linux/platform-tools
PATH: /usr/lib64/qt-3.3/bin
PATH: /usr/lib64/ccache
PATH: /usr/local/bin
PATH: /usr/bin
PATH: /bin
PATH: /usr/local/sbin
PATH: /usr/sbin
PATH: /sbin
PATH: /home/joe/bin
PATH: /home/joe/bin


## ----------- ##
## Core tests. ##
## ----------- ##

configure:2093: checking for a BSD-compatible install
configure:2161: result: /usr/bin/install -c
configure:2172: checking whether build environment is sane
configure:2222: result: yes
configure:2363: checking for a thread-safe mkdir -p
configure:2402: result: /bin/mkdir -p
configure:2415: checking for gawk
configure:2431: found /usr/bin/gawk
configure:2442: result: gawk
configure:2453: checking whether make sets $(MAKE)
configure:2475: result: yes
configure:2604: checking for gcc
configure:2620: found /usr/lib64/ccache/gcc
configure:2631: result: gcc
configure:2860: checking for C compiler version
configure:2869: gcc --version >&5
gcc (GCC) 4.6.3 20120306 (Red Hat 4.6.3-2)
Copyright (C) 2011 Free Software Foundation, Inc.
This is free software; see the source for copying conditions.  There is NO
warranty; not even for MERCHANTABILITY or FITNESS FOR A PARTICULAR PURPOSE.

configure:2880: $? = 0
configure:2869: gcc -v >&5
Using built-in specs.
COLLECT_GCC=/usr/bin/gcc
COLLECT_LTO_WRAPPER=/usr/libexec/gcc/x86_64-redhat-linux/4.6.3/lto-wrapper
Target: x86_64-redhat-linux
Configured with: ../configure --prefix=/usr --mandir=/usr/share/man --infodir=/usr/share/info --with-bugurl=http://bugzilla.redhat.com/bugzilla --enable-bootstrap --enable-shared --enable-threads=posix --enable-checking=release --with-system-zlib --enable-__cxa_atexit --disable-libunwind-exceptions --enable-gnu-unique-object --enable-linker-build-id --enable-languages=c,c++,objc,obj-c++,java,fortran,ada,go,lto --enable-plugin --enable-java-awt=gtk --disable-dssi --with-java-home=/usr/lib/jvm/java-1.5.0-gcj-1.5.0.0/jre --enable-libgcj-multifile --enable-java-maintainer-mode --with-ecj-jar=/usr/share/java/eclipse-ecj.jar --disable-libjava-multilib --with-ppl --with-cloog --with-tune=generic --with-arch_32=i686 --build=x86_64-redhat-linux
Thread model: posix
gcc version 4.6.3 20120306 (Red Hat 4.6.3-2) (GCC) 
configure:2880: $? = 0
configure:2869: gcc -V >&5
gcc: error: unrecognized option '-V'
gcc: fatal error: no input files
compilation terminated.
configure:2880: $? = 4
configure:2869: gcc -qversion >&5
gcc: error: unrecognized option '-qversion'
gcc: fatal error: no input files
compilation terminated.
configure:2880: $? = 4
configure:2900: checking whether the C compiler works
configure:2922: gcc    conftest.c  >&5
configure:2926: $? = 0
configure:2974: result: yes
configure:2977: checking for C compiler default output file name
configure:2979: result: a.out
configure:2985: checking for suffix of executables
configure:2992: gcc -o conftest    conftest.c  >&5
configure:2996: $? = 0
configure:3018: result: 
configure:3040: checking whether we are cross compiling
configure:3048: gcc -o conftest    conftest.c  >&5
configure:3052: $? = 0
configure:3059: ./conftest
configure:3063: $? = 0
configure:3078: result: no
configure:3083: checking for suffix of object files
configure:3105: gcc -c   conftest.c >&5
configure:3109: $? = 0
configure:3130: result: o
configure:3134: checking whether we are using the GNU C compiler
configure:3153: gcc -c   conftest.c >&5
configure:3153: $? = 0
configure:3162: result: yes
configure:3171: checking whether gcc accepts -g
configure:3191: gcc -c -g  conftest.c >&5
configure:3191: $? = 0
configure:3232: result: yes
configure:3249: checking for gcc option to accept ISO C89
configure:3313: gcc  -c -g -O2  conftest.c >&5
configure:3313: $? = 0
configure:3326: result: none needed
configure:3357: checking for style of include used by make
configure:3385: result: GNU
configure:3410: checking dependency style of gcc
configure:3520: result: gcc3
configure:3584: checking for gcc
configure:3611: result: gcc
configure:3840: checking for C compiler version
configure:3849: gcc --version >&5
gcc (GCC) 4.6.3 20120306 (Red Hat 4.6.3-2)
Copyright (C) 2011 Free Software Foundation, Inc.
This is free software; see the source for copying conditions.  There is NO
warranty; not even for MERCHANTABILITY or FITNESS FOR A PARTICULAR PURPOSE.

configure:3860: $? = 0
configure:3849: gcc -v >&5
Using built-in specs.
COLLECT_GCC=/usr/bin/gcc
COLLECT_LTO_WRAPPER=/usr/libexec/gcc/x86_64-redhat-linux/4.6.3/lto-wrapper
Target: x86_64-redhat-linux
Configured with: ../configure --prefix=/usr --mandir=/usr/share/man --infodir=/usr/share/info --with-bugurl=http://bugzilla.redhat.com/bugzilla --enable-bootstrap --enable-shared --enable-threads=posix --enable-checking=release --with-system-zlib --enable-__cxa_atexit --disable-libunwind-exceptions --enable-gnu-unique-object --enable-linker-build-id --enable-languages=c,c++,objc,obj-c++,java,fortran,ada,go,lto --enable-plugin --enable-java-awt=gtk --disable-dssi --with-java-home=/usr/lib/jvm/java-1.5.0-gcj-1.5.0.0/jre --enable-libgcj-multifile --enable-java-maintainer-mode --with-ecj-jar=/usr/share/java/eclipse-ecj.jar --disable-libjava-multilib --with-ppl --with-cloog --with-tune=generic --with-arch_32=i686 --build=x86_64-redhat-linux
Thread model: posix
gcc version 4.6.3 20120306 (Red Hat 4.6.3-2) (GCC) 
configure:3860: $? = 0
configure:3849: gcc -V >&5
gcc: error: unrecognized option '-V'
gcc: fatal error: no input files
compilation terminated.
configure:3860: $? = 4
configure:3849: gcc -qversion >&5
gcc: error: unrecognized option '-qversion'
gcc: fatal error: no input files
compilation terminated.
configure:3860: $? = 4
configure:3864: checking whether we are using the GNU C compiler
configure:3892: result: yes
configure:3901: checking whether gcc accepts -g
configure:3962: result: yes
configure:3979: checking for gcc option to accept ISO C89
configure:4056: result: none needed
configure:4078: checking dependency style of gcc
configure:4188: result: gcc3
configure:4212: checking how to run the C preprocessor
configure:4243: gcc -E  conftest.c
configure:4243: $? = 0
configure:4257: gcc -E  conftest.c
conftest.c:11:28: fatal error: ac_nonexistent.h: No such file or directory
compilation terminated.
configure:4257: $? = 1
configure: failed program was:
| /* confdefs.h */
| #define PACKAGE_NAME "backup-tool"
| #define PACKAGE_TARNAME "backup-tool"
| #define PACKAGE_VERSION "0.1"
| #define PACKAGE_STRING "backup-tool 0.1"
| #define PACKAGE_BUGREPORT "Shrewd LLC, manvscode@gmail.com"
| #define PACKAGE_URL ""
| #define PACKAGE "backup-tool"
| #define VERSION "0.1"
| /* end confdefs.h.  */
| #include <ac_nonexistent.h>
configure:4282: result: gcc -E
configure:4302: gcc -E  conftest.c
configure:4302: $? = 0
configure:4316: gcc -E  conftest.c
conftest.c:11:28: fatal error: ac_nonexistent.h: No such file or directory
compilation terminated.
configure:4316: $? = 1
configure: failed program was:
| /* confdefs.h */
| #define PACKAGE_NAME "backup-tool"
| #define PACKAGE_TARNAME "backup-tool"
| #define PACKAGE_VERSION "0.1"
| #define PACKAGE_STRING "backup-tool 0.1"
| #define PACKAGE_BUGREPORT "Shrewd LLC, manvscode@gmail.com"
| #define PACKAGE_URL ""
| #define PACKAGE "backup-tool"
| #define VERSION "0.1"
| /* end confdefs.h.  */
| #include <ac_nonexistent.h>
configure:4345: checking for grep that handles long lines and -e
configure:4403: result: /bin/grep
configure:4408: checking for egrep
configure:4470: result: /bin/grep -E
configure:4475: checking for ANSI C header files
configure:4495: gcc -c -g -O2  conftest.c >&5
configure:4495: $? = 0
configure:4568: gcc -o conftest -g -O2   conftest.c  >&5
configure:4568: $? = 0
configure:4568: ./conftest
configure:4568: $? = 0
configure:4579: result: yes
configure:4634: checking for ranlib
configure:4650: found /usr/bin/ranlib
configure:4661: result: ranlib
configure:4690: checking for sys/types.h
configure:4690: gcc -c -Wall -O2 -D_NO_FILE_STDIO_STREAM -I/usr/include/glib-2.0 -I/usr/lib64/glib-2.0/include   -I/usr/include/libxml2   -g -O2  conftest.c >&5
configure:4690: $? = 0
configure:4690: result: yes
configure:4690: checking for sys/stat.h
configure:4690: gcc -c -Wall -O2 -D_NO_FILE_STDIO_STREAM -I/usr/include/glib-2.0 -I/usr/lib64/glib-2.0/include   -I/usr/include/libxml2   -g -O2  conftest.c >&5
configure:4690: $? = 0
configure:4690: result: yes
configure:4690: checking for stdlib.h
configure:4690: gcc -c -Wall -O2 -D_NO_FILE_STDIO_STREAM -I/usr/include/glib-2.0 -I/usr/lib64/glib-2.0/include   -I/usr/include/libxml2   -g -O2  conftest.c >&5
configure:4690: $? = 0
configure:4690: result: yes
configure:4690: checking for string.h
configure:4690: gcc -c -Wall -O2 -D_NO_FILE_STDIO_STREAM -I/usr/include/glib-2.0 -I/usr/lib64/glib-2.0/include   -I/usr/include/libxml2   -g -O2  conftest.c >&5
configure:4690: $? = 0
configure:4690: result: yes
configure:4690: checking for memory.h
configure:4690: gcc -c -Wall -O2 -D_NO_FILE_STDIO_STREAM -I/usr/include/glib-2.0 -I/usr/lib64/glib-2.0/include   -I/usr/include/libxml2   -g -O2  conftest.c >&5
configure:4690: $? = 0
configure:4690: result: yes
configure:4690: checking for strings.h
configure:4690: gcc -c -Wall -O2 -D_NO_FILE_STDIO_STREAM -I/usr/include/glib-2.0 -I/usr/lib64/glib-2.0/include   -I/usr/include/libxml2   -g -O2  conftest.c >&5
configure:4690: $? = 0
configure:4690: result: yes
configure:4690: checking for inttypes.h
configure:4690: gcc -c -Wall -O2 -D_NO_FILE_STDIO_STREAM -I/usr/include/glib-2.0 -I/usr/lib64/glib-2.0/include   -I/usr/include/libxml2   -g -O2  conftest.c >&5
configure:4690: $? = 0
configure:4690: result: yes
configure:4690: checking for stdint.h
configure:4690: gcc -c -Wall -O2 -D_NO_FILE_STDIO_STREAM -I/usr/include/glib-2.0 -I/usr/lib64/glib-2.0/include   -I/usr/include/libxml2   -g -O2  conftest.c >&5
configure:4690: $? = 0
configure:4690: result: yes
configure:4690: checking for unistd.h
configure:4690: gcc -c -Wall -O2 -D_NO_FILE_STDIO_STREAM -I/usr/include/glib-2.0 -I/usr/lib64/glib-2.0/include   -I/usr/include/libxml2   -g -O2  conftest.c >&5
configure:4690: $? = 0
configure:4690: result: yes
configure:4704: checking glib.h usability
configure:4704: gcc -c -Wall -O2 -D_NO_FILE_STDIO_STREAM -I/usr/include/glib-2.0 -I/usr/lib64/glib-2.0/include   -I/usr/include/libxml2   -g -O2  conftest.c >&5
configure:4704: $? = 0
configure:4704: result: yes
configure:4704: checking glib.h presence
configure:4704: gcc -E  conftest.c
conftest.c:21:18: fatal error: glib.h: No such file or directory
compilation terminated.
configure:4704: $? = 1
configure: failed program was:
| /* confdefs.h */
| #define PACKAGE_NAME "backup-tool"
| #define PACKAGE_TARNAME "backup-tool"
| #define PACKAGE_VERSION "0.1"
| #define PACKAGE_STRING "backup-tool 0.1"
| #define PACKAGE_BUGREPORT "Shrewd LLC, manvscode@gmail.com"
| #define PACKAGE_URL ""
| #define PACKAGE "backup-tool"
| #define VERSION "0.1"
| #define STDC_HEADERS 1
| #define HAVE_SYS_TYPES_H 1
| #define HAVE_SYS_STAT_H 1
| #define HAVE_STDLIB_H 1
| #define HAVE_STRING_H 1
| #define HAVE_MEMORY_H 1
| #define HAVE_STRINGS_H 1
| #define HAVE_INTTYPES_H 1
| #define HAVE_STDINT_H 1
| #define HAVE_UNISTD_H 1
| /* end confdefs.h.  */
| #include <glib.h>
configure:4704: result: no
configure:4704: WARNING: glib.h: accepted by the compiler, rejected by the preprocessor!
configure:4704: WARNING: glib.h: proceeding with the compiler's result
configure:4704: checking for glib.h
configure:4704: result: yes
configure:4716: checking getopt.h usability
configure:4716: gcc -c -Wall -O2 -D_NO_FILE_STDIO_STREAM -I/usr/include/glib-2.0 -I/usr/lib64/glib-2.0/include   -I/usr/include/libxml2   -g -O2  conftest.c >&5
configure:4716: $? = 0
configure:4716: result: yes
configure:4716: checking getopt.h presence
configure:4716: gcc -E  conftest.c
configure:4716: $? = 0
configure:4716: result: yes
configure:4716: checking for getopt.h
configure:4716: result: yes
configure:4727: checking for g_key_file_new in -lglib-2.0
configure:4752: gcc -o conftest -Wall -O2 -D_NO_FILE_STDIO_STREAM -I/usr/include/glib-2.0 -I/usr/lib64/glib-2.0/include   -I/usr/include/libxml2   -g -O2   -lcurl -lcrypto -lssl -lglib-2.0   -lxml2    conftest.c -lglib-2.0   >&5
configure:4752: $? = 0
configure:4761: result: yes
configure:4769: checking for BIO_new in -lcrypto
configure:4794: gcc -o conftest -Wall -O2 -D_NO_FILE_STDIO_STREAM -I/usr/include/glib-2.0 -I/usr/lib64/glib-2.0/include   -I/usr/include/libxml2   -g -O2   -lcurl -lcrypto -lssl -lglib-2.0   -lxml2    conftest.c -lcrypto   >&5
configure:4794: $? = 0
configure:4803: result: yes
configure:4832: checking for xmlInitParser in -lxml2
configure:4857: gcc -o conftest -Wall -O2 -D_NO_FILE_STDIO_STREAM -I/usr/include/glib-2.0 -I/usr/lib64/glib-2.0/include   -I/usr/include/libxml2   -g -O2   -lcurl -lcrypto -lssl -lglib-2.0   -lxml2    conftest.c -lxml2   >&5
configure:4857: $? = 0
configure:4866: result: yes
configure:4885: checking for curl_easy_init in -lcurl
configure:4910: gcc -o conftest -Wall -O2 -D_NO_FILE_STDIO_STREAM -I/usr/include/glib-2.0 -I/usr/lib64/glib-2.0/include   -I/usr/include/libxml2   -g -O2   -lcurl -lcrypto -lssl -lglib-2.0   -lxml2    conftest.c -lcurl   >&5
configure:4910: $? = 0
configure:4919: result: yes
configure:4929: checking curl/curl.h usability
configure:4929: gcc -c -Wall -O2 -D_NO_FILE_STDIO_STREAM -I/usr/include/glib-2.0 -I/usr/lib64/glib-2.0/include   -I/usr/include/libxml2   -g -O2  conftest.c >&5
configure:4929: $? = 0
configure:4929: result: yes
configure:4929: checking curl/curl.h presence
configure:4929: gcc -E  conftest.c
configure:4929: $? = 0
configure:4929: result: yes
configure:4929: checking for curl/curl.h
configure:4929: result: yes
configure:4950: checking for HMAC_Init in -lssl
configure:4975: gcc -o conftest -Wall -O2 -D_NO_FILE_STDIO_STREAM -I/usr/include/glib-2.0 -I/usr/lib64/glib-2.0/include   -I/usr/include/libxml2   -g -O2   -lcurl -lcrypto -lssl -lglib-2.0   -lxml2    conftest.c -lssl   >&5
configure:4975: $? = 0
configure:4984: result: yes
configure:5145: creating ./config.status

## ---------------------- ##
## Running config.status. ##
## ---------------------- ##

This file was extended by backup-tool config.status 0.1, which was
generated by GNU Autoconf 2.68.  Invocation command line was

  CONFIG_FILES    = 
  CONFIG_HEADERS  = 
  CONFIG_LINKS    = 
  CONFIG_COMMANDS = 
  $ ./config.status 

on laptop.unitserver.com

config.status:864: creating Makefile
config.status:864: creating src/Makefile
config.status:864: creating config.h
config.status:1093: executing depfiles commands

## ---------------- ##
## Cache variables. ##
## ---------------- ##

ac_cv_c_compiler_gnu=yes
ac_cv_env_CC_set=
ac_cv_env_CC_value=
ac_cv_env_CFLAGS_set=
ac_cv_env_CFLAGS_value=
ac_cv_env_CPPFLAGS_set=
ac_cv_env_CPPFLAGS_value=
ac_cv_env_CPP_set=
ac_cv_env_CPP_value=
ac_cv_env_LDFLAGS_set=
ac_cv_env_LDFLAGS_value=
ac_cv_env_LIBS_set=
ac_cv_env_LIBS_value=
ac_cv_env_build_alias_set=
ac_cv_env_build_alias_value=
ac_cv_env_host_alias_set=
ac_cv_env_host_alias_value=
ac_cv_env_target_alias_set=
ac_cv_env_target_alias_value=
ac_cv_header_curl_curl_h=yes
ac_cv_header_getopt_h=yes
ac_cv_header_glib_h=yes
ac_cv_header_inttypes_h=yes
ac_cv_header_memory_h=yes
ac_cv_header_stdc=yes
ac_cv_header_stdint_h=yes
ac_cv_header_stdlib_h=yes
ac_cv_header_string_h=yes
ac_cv_header_strings_h=yes
ac_cv_header_sys_stat_h=yes
ac_cv_header_sys_types_h=yes
ac_cv_header_unistd_h=yes
ac_cv_lib_crypto_BIO_new=yes
ac_cv_lib_curl_curl_easy_init=yes
ac_cv_lib_glib_2_0_g_key_file_new=yes
ac_cv_lib_ssl_HMAC_Init=yes
ac_cv_lib_xml2_xmlInitParser=yes
ac_cv_objext=o
ac_cv_path_EGREP='/bin/grep -E'
ac_cv_path_GREP=/bin/grep
ac_cv_path_install='/usr/bin/install -c'
ac_cv_path_mkdir=/bin/mkdir
ac_cv_prog_AWK=gawk
ac_cv_prog_CPP='gcc -E'
ac_cv_prog_ac_ct_CC=gcc
ac_cv_prog_ac_ct_RANLIB=ranlib
ac_cv_prog_cc_c89=
ac_cv_prog_cc_g=yes
ac_cv_prog_make_make_set=yes
am_cv_CC_dependencies_compiler_type=gcc3
am_cv_prog_cc_stdc=

## ----------------- ##
## Output variables. ##
## ----------------- ##

ACLOCAL='${SHELL} /home/joe/projects/backup-tool/missing --run aclocal-1.11'
AMDEPBACKSLASH='\'
AMDEP_FALSE='#'
AMDEP_TRUE=''
AMTAR='${SHELL} /home/joe/projects/backup-tool/missing --run tar'
AUTOCONF='${SHELL} /home/joe/projects/backup-tool/missing --run autoconf'
AUTOHEADER='${SHELL} /home/joe/projects/backup-tool/missing --run autoheader'
AUTOMAKE='${SHELL} /home/joe/projects/backup-tool/missing --run automake-1.11'
AWK='gawk'
CC='gcc'
CCDEPMODE='depmode=gcc3'
CFLAGS='-Wall -O2 -D_NO_FILE_STDIO_STREAM -I/usr/include/glib-2.0 -I/usr/lib64/glib-2.0/include   -I/usr/include/libxml2   -g -O2'
CPP='gcc -E'
CPPFLAGS=''
CYGPATH_W='echo'
DEFS='-DHAVE_CONFIG_H'
DEPDIR='.deps'
ECHO_C=''
ECHO_N='-n'
ECHO_T=''
EGREP='/bin/grep -E'
EXEEXT=''
GREP='/bin/grep'
INSTALL_DATA='${INSTALL} -m 644'
INSTALL_PROGRAM='${INSTALL}'
INSTALL_SCRIPT='${INSTALL}'
INSTALL_STRIP_PROGRAM='$(install_sh) -c -s'
LDFLAGS=' -lcurl -lcrypto -lssl -lglib-2.0   -lxml2   '
LIBOBJS=''
LIBS=''
LTLIBOBJS=''
MAKEINFO='${SHELL} /home/joe/projects/backup-tool/missing --run makeinfo'
MKDIR_P='/bin/mkdir -p'
OBJEXT='o'
PACKAGE='backup-tool'
PACKAGE_BUGREPORT='Shrewd LLC, manvscode@gmail.com'
PACKAGE_NAME='backup-tool'
PACKAGE_STRING='backup-tool 0.1'
PACKAGE_TARNAME='backup-tool'
PACKAGE_URL=''
PACKAGE_VERSION='0.1'
PATH_SEPARATOR=':'
RANLIB='ranlib'
SET_MAKE=''
SHELL='/bin/sh'
STRIP=''
VERSION='0.1'
ac_ct_CC='gcc'
am__EXEEXT_FALSE=''
am__EXEEXT_TRUE='#'
am__fastdepCC_FALSE='#'
am__fastdepCC_TRUE=''
am__include='include'
am__isrc=''
am__leading_dot='.'
am__quote=''
am__tar='${AMTAR} chof - "$$tardir"'
am__untar='${AMTAR} xf -'
bindir='${exec_prefix}/bin'
build_alias=''
datadir='${datarootdir}'
datarootdir='${prefix}/share'
docdir='${datarootdir}/doc/${PACKAGE_TARNAME}'
dvidir='${docdir}'
exec_prefix='${prefix}'
host_alias=''
htmldir='${docdir}'
includedir='${prefix}/include'
infodir='${datarootdir}/info'
install_sh='${SHELL} /home/joe/projects/backup-tool/install-sh'
libdir='${exec_prefix}/lib'
libexecdir='${exec_prefix}/libexec'
localedir='${datarootdir}/locale'
localstatedir='${prefix}/var'
mandir='${datarootdir}/man'
mkdir_p='/bin/mkdir -p'
oldincludedir='/usr/include'
pdfdir='${docdir}'
prefix='/usr/local'
program_transform_name='s,x,x,'
psdir='${docdir}'
sbindir='${exec_prefix}/sbin'
sharedstatedir='${prefix}/com'
sysconfdir='${prefix}/etc'
target_alias=''

## ----------- ##
## confdefs.h. ##
## ----------- ##

/* confdefs.h */
#define PACKAGE_NAME "backup-tool"
#define PACKAGE_TARNAME "backup-tool"
#define PACKAGE_VERSION "0.1"
#define PACKAGE_STRING "backup-tool 0.1"
#define PACKAGE_BUGREPORT "Shrewd LLC, manvscode@gmail.com"
#define PACKAGE_URL ""
#define PACKAGE "backup-tool"
#define VERSION "0.1"
#define STDC_HEADERS 1
#define HAVE_SYS_TYPES_H 1
#define HAVE_SYS_STAT_H 1
#define HAVE_STDLIB_H 1
#define HAVE_STRING_H 1
#define HAVE_MEMORY_H 1
#define HAVE_STRINGS_H 1
#define HAVE_INTTYPES_H 1
#define HAVE_STDINT_H 1
#define HAVE_UNISTD_H 1
#define HAVE_GLIB_H 1
#define HAVE_GETOPT_H 1
#define HAVE_CURL_CURL_H 1

configure: exit 0

## ---------------------- ##
## Running config.status. ##
## ---------------------- ##

This file was extended by backup-tool config.status 0.1, which was
generated by GNU Autoconf 2.68.  Invocation command line was

  CONFIG_FILES    = 
  CONFIG_HEADERS  = 
  CONFIG_LINKS    = 
  CONFIG_COMMANDS = 
  $ ./config.status config.h

on laptop.unitserver.com

config.status:864: creating config.h
config.status:1045: config.h is unchanged
